<?xml version="1.0" encoding="UTF-8"?>
<!-- Generated by org.testng.reporters.JUnitXMLReporter -->
<testsuite hostname="DESKTOP-F9OMEMK" name="Default test" tests="3" failures="0" timestamp="25 May 2022 07:02:02 GMT" time="2.39" errors="0">
  <testcase name="test_01" time="1.608" classname="practice_sessions.GET_Test01"/>
  <testcase name="test_02" time="0.697" classname="practice_sessions.GET_Test01"/>
  <testcase name="test_03" time="0.072" classname="practice_sessions.GET_Test01"/>
</testsuite> <!-- Default test -->
