<?xml version="1.0" encoding="UTF-8"?>
<testng-results skipped="0" failed="0" total="1" passed="1">
  <reporter-output>
  </reporter-output>
  <suite name="Default suite" duration-ms="1471" started-at="2022-05-17T15:05:43Z" finished-at="2022-05-17T15:05:45Z">
    <groups>
    </groups>
    <test name="Default test" duration-ms="1471" started-at="2022-05-17T15:05:43Z" finished-at="2022-05-17T15:05:45Z">
      <class name="localhost_API.Tests_PUT">
        <test-method status="PASS" signature="test_01()[pri:0, instance:localhost_API.Tests_PUT@4563e9ab]" name="test_01" duration-ms="1456" started-at="2022-05-17T20:35:43Z" finished-at="2022-05-17T20:35:45Z">
          <reporter-output>
          </reporter-output>
        </test-method> <!-- test_01 -->
      </class> <!-- localhost_API.Tests_PUT -->
    </test> <!-- Default test -->
  </suite> <!-- Default suite -->
</testng-results>
